INFO : 2023-12-13 19:55:35,811 : start service...
INFO : 2023-12-13 19:55:57,215 : load 0 source accounts
INFO : 2023-12-13 19:55:57,217 : load 0 verified accounts
INFO : 2023-12-13 19:55:57,219 : load 0 blocked accounts
INFO : 2023-12-13 19:58:35,682 : start service...
INFO : 2023-12-13 19:58:44,709 : load 1 source accounts
INFO : 2023-12-13 19:58:44,712 : load 0 verified accounts
INFO : 2023-12-13 19:58:44,712 : load 0 blocked accounts
INFO : 2023-12-13 19:59:53,184 : start service...
INFO : 2023-12-13 19:59:53,190 : load 1 source accounts
INFO : 2023-12-13 19:59:53,191 : load 0 verified accounts
INFO : 2023-12-13 19:59:53,191 : load 0 blocked accounts
INFO : 2023-12-13 19:59:53,191 : running tribot with Shawnee.Mamone.1986@gmail.com
INFO : 2023-12-13 20:20:36,191 : start service...
INFO : 2023-12-13 20:20:36,196 : load 1 source accounts
INFO : 2023-12-13 20:20:36,197 : load 0 verified accounts
INFO : 2023-12-13 20:20:36,197 : load 0 blocked accounts
INFO : 2023-12-13 20:20:36,198 : running tribot with Shawnee.Mamone.1986@gmail.com
INFO : 2023-12-13 20:20:48,072 : start service...
INFO : 2023-12-13 20:20:48,078 : load 1 source accounts
INFO : 2023-12-13 20:20:48,078 : load 0 verified accounts
INFO : 2023-12-13 20:20:48,079 : load 0 blocked accounts
INFO : 2023-12-13 20:20:48,079 : running tribot with Shawnee.Mamone.1986@gmail.com
INFO : 2023-12-13 20:22:23,583 : start service...
INFO : 2023-12-13 20:22:23,589 : load 1 source accounts
INFO : 2023-12-13 20:22:23,589 : load 0 verified accounts
INFO : 2023-12-13 20:22:23,590 : load 0 blocked accounts
INFO : 2023-12-13 20:22:23,590 : running tribot with Shawnee.Mamone.1986@gmail.com
INFO : 2023-12-13 20:23:04,922 : start service...
INFO : 2023-12-13 20:23:04,928 : load 1 source accounts
INFO : 2023-12-13 20:23:04,929 : load 0 verified accounts
INFO : 2023-12-13 20:23:04,929 : load 0 blocked accounts
INFO : 2023-12-13 20:23:04,929 : running tribot with Shawnee.Mamone.1986@gmail.com
INFO : 2023-12-13 20:24:09,450 : start service...
INFO : 2023-12-13 20:24:09,456 : load 1 source accounts
INFO : 2023-12-13 20:24:09,457 : load 0 verified accounts
INFO : 2023-12-13 20:24:09,457 : load 0 blocked accounts
INFO : 2023-12-13 20:24:09,457 : running tribot with Shawnee.Mamone.1986@gmail.com
INFO : 2023-12-13 20:31:51,187 : start service...
INFO : 2023-12-13 20:31:51,193 : load 1 source accounts
INFO : 2023-12-13 20:31:51,194 : load 0 verified accounts
INFO : 2023-12-13 20:31:51,194 : load 0 blocked accounts
INFO : 2023-12-13 20:31:51,194 : running tribot with Shawnee.Mamone.1986@gmail.com
INFO : 2023-12-13 20:37:08,588 : start service...
INFO : 2023-12-13 20:37:08,594 : load 1 source accounts
INFO : 2023-12-13 20:37:08,595 : load 0 verified accounts
INFO : 2023-12-13 20:37:08,596 : load 0 blocked accounts
INFO : 2023-12-13 20:37:08,596 : running tribot with Shawnee.Mamone.1986@gmail.com
